<?xml version="1.0" encoding="UTF-8"?>
<!-- Generated by org.testng.reporters.JUnitXMLReporter -->
<testsuite ignored="0" hostname="LAPTOP-FJVUST8L" failures="0" tests="4" name="Default test" time="299.546" errors="0" timestamp="2022-10-11T16:31:52 IST">
  <testcase classname="com.test.Ecommerce" name="LaunchChrome" time="2.183"/>
  <testcase classname="com.test.Ecommerce" name="LaunchFirefox" time="6.003"/>
  <testcase classname="com.test.Ecommerce" name="chromeTest" time="188.565"/>
  <testcase classname="com.test.Ecommerce" name="firefoxTest" time="100.756"/>
</testsuite> <!-- Default test -->
